# JRE version: OpenJDK Runtime Environment (17.0.10) (build 17.0.10+0--11609105)
# Java VM: OpenJDK 64-Bit Server VM (17.0.10+0--11609105, mixed mode, tiered, compressed oops, compressed class ptrs, g1 gc, windows-amd64)
GC Precious Log:
 CPUs: 20 total, 20 available
 Memory: 16109M
 Large Page Support: Disabled
 NUMA Support: Disabled
 Compressed Oops: Enabled (32-bit)
 Heap Region Size: 1M
 Heap Min Capacity: 8M
 Heap Initial Capacity: 252M
 Heap Max Capacity: 2G
 Pre-touch: Disabled
 Parallel Workers: 15
 Concurrent Workers: 4
 Concurrent Refinement Workers: 15
 Periodic GC: Disabled
Heap:
 garbage-first heap   total 414720K, used 224724K [0x0000000080000000, 0x0000000100000000)
  region size 1024K, 57 young (58368K), 9 survivors (9216K)
 Metaspace       used 161102K, committed 162304K, reserved 1245184K
  class space    used 22625K, committed 23168K, reserved 1048576K
GC Heap History (20 events):
Event: 21.762 GC heap before
{Heap before GC invocations=46 (full 0):
 garbage-first heap   total 393216K, used 159927K [0x0000000080000000, 0x0000000100000000)
  region size 1024K, 7 young (7168K), 6 survivors (6144K)
 Metaspace       used 143655K, committed 144704K, reserved 1179648K
  class space    used 20944K, committed 21440K, reserved 1048576K
}
Event: 21.766 GC heap after
{Heap after GC invocations=47 (full 0):
 garbage-first heap   total 393216K, used 159961K [0x0000000080000000, 0x0000000100000000)
  region size 1024K, 6 young (6144K), 6 survivors (6144K)
 Metaspace       used 143655K, committed 144704K, reserved 1179648K
  class space    used 20944K, committed 21440K, reserved 1048576K
}
Event: 116.405 GC heap before
{Heap before GC invocations=48 (full 0):
 garbage-first heap   total 393216K, used 345305K [0x0000000080000000, 0x0000000100000000)
  region size 1024K, 174 young (178176K), 6 survivors (6144K)
 Metaspace       used 149949K, committed 150976K, reserved 1179648K
  class space    used 21543K, committed 22016K, reserved 1048576K
}
Event: 116.411 GC heap after
{Heap after GC invocations=49 (full 0):
 garbage-first heap   total 393216K, used 147434K [0x0000000080000000, 0x0000000100000000)
  region size 1024K, 18 young (18432K), 18 survivors (18432K)
 Metaspace       used 149949K, committed 150976K, reserved 1179648K
  class space    used 21543K, committed 22016K, reserved 1048576K
}
Event: 116.419 GC heap before
{Heap before GC invocations=49 (full 0):
 garbage-first heap   total 393216K, used 148458K [0x0000000080000000, 0x0000000100000000)
  region size 1024K, 19 young (19456K), 18 survivors (18432K)
 Metaspace       used 149951K, committed 150976K, reserved 1179648K
  class space    used 21543K, committed 22016K, reserved 1048576K
}
Event: 116.425 GC heap after
{Heap after GC invocations=50 (full 0):
 garbage-first heap   total 393216K, used 148162K [0x0000000080000000, 0x0000000100000000)
  region size 1024K, 3 young (3072K), 3 survivors (3072K)
 Metaspace       used 149951K, committed 150976K, reserved 1179648K
  class space    used 21543K, committed 22016K, reserved 1048576K
}
Event: 117.693 GC heap before
{Heap before GC invocations=50 (full 0):
 garbage-first heap   total 393216K, used 267970K [0x0000000080000000, 0x0000000100000000)
  region size 1024K, 122 young (124928K), 3 survivors (3072K)
 Metaspace       used 150749K, committed 151872K, reserved 1179648K
  class space    used 21555K, committed 22080K, reserved 1048576K
}
Event: 117.695 GC heap after
{Heap after GC invocations=51 (full 0):
 garbage-first heap   total 393216K, used 147406K [0x0000000080000000, 0x0000000100000000)
  region size 1024K, 2 young (2048K), 2 survivors (2048K)
 Metaspace       used 150749K, committed 151872K, reserved 1179648K
  class space    used 21555K, committed 22080K, reserved 1048576K
}
Event: 709.988 GC heap before
{Heap before GC invocations=52 (full 0):
 garbage-first heap   total 393216K, used 367566K [0x0000000080000000, 0x0000000100000000)
  region size 1024K, 180 young (184320K), 2 survivors (2048K)
 Metaspace       used 151331K, committed 152384K, reserved 1179648K
  class space    used 21574K, committed 22080K, reserved 1048576K
}
Event: 709.994 GC heap after
{Heap after GC invocations=53 (full 0):
 garbage-first heap   total 393216K, used 161834K [0x0000000080000000, 0x0000000100000000)
  region size 1024K, 16 young (16384K), 16 survivors (16384K)
 Metaspace       used 151331K, committed 152384K, reserved 1179648K
  class space    used 21574K, committed 22080K, reserved 1048576K
}
Event: 709.997 GC heap before
{Heap before GC invocations=53 (full 0):
 garbage-first heap   total 393216K, used 164906K [0x0000000080000000, 0x0000000100000000)
  region size 1024K, 19 young (19456K), 16 survivors (16384K)
 Metaspace       used 151348K, committed 152448K, reserved 1179648K
  class space    used 21574K, committed 22080K, reserved 1048576K
}
Event: 710.002 GC heap after
{Heap after GC invocations=54 (full 0):
 garbage-first heap   total 393216K, used 158705K [0x0000000080000000, 0x0000000100000000)
  region size 1024K, 2 young (2048K), 2 survivors (2048K)
 Metaspace       used 151348K, committed 152448K, reserved 1179648K
  class space    used 21574K, committed 22080K, reserved 1048576K
}
Event: 710.167 GC heap before
{Heap before GC invocations=54 (full 0):
 garbage-first heap   total 393216K, used 222193K [0x0000000080000000, 0x0000000100000000)
  region size 1024K, 66 young (67584K), 2 survivors (2048K)
 Metaspace       used 151705K, committed 152768K, reserved 1179648K
  class space    used 21574K, committed 22080K, reserved 1048576K
}
Event: 710.169 GC heap after
{Heap after GC invocations=55 (full 0):
 garbage-first heap   total 393216K, used 158447K [0x0000000080000000, 0x0000000100000000)
  region size 1024K, 2 young (2048K), 2 survivors (2048K)
 Metaspace       used 151705K, committed 152768K, reserved 1179648K
  class space    used 21574K, committed 22080K, reserved 1048576K
}
Event: 790.735 GC heap before
{Heap before GC invocations=56 (full 0):
 garbage-first heap   total 393216K, used 375535K [0x0000000080000000, 0x0000000100000000)
  region size 1024K, 167 young (171008K), 2 survivors (2048K)
 Metaspace       used 156604K, committed 157760K, reserved 1245184K
  class space    used 22102K, committed 22656K, reserved 1048576K
}
Event: 790.747 GC heap after
{Heap after GC invocations=57 (full 0):
 garbage-first heap   total 414720K, used 196502K [0x0000000080000000, 0x0000000100000000)
  region size 1024K, 21 young (21504K), 21 survivors (21504K)
 Metaspace       used 156604K, committed 157760K, reserved 1245184K
  class space    used 22102K, committed 22656K, reserved 1048576K
}
Event: 790.778 GC heap before
{Heap before GC invocations=57 (full 0):
 garbage-first heap   total 414720K, used 204694K [0x0000000080000000, 0x0000000100000000)
  region size 1024K, 22 young (22528K), 21 survivors (21504K)
 Metaspace       used 156663K, committed 157760K, reserved 1245184K
  class space    used 22108K, committed 22656K, reserved 1048576K
}
Event: 790.784 GC heap after
{Heap after GC invocations=58 (full 0):
 garbage-first heap   total 414720K, used 187505K [0x0000000080000000, 0x0000000100000000)
  region size 1024K, 3 young (3072K), 3 survivors (3072K)
 Metaspace       used 156663K, committed 157760K, reserved 1245184K
  class space    used 22108K, committed 22656K, reserved 1048576K
}
Event: 797.579 GC heap before
{Heap before GC invocations=58 (full 0):
 garbage-first heap   total 414720K, used 320625K [0x0000000080000000, 0x0000000100000000)
  region size 1024K, 134 young (137216K), 3 survivors (3072K)
 Metaspace       used 160899K, committed 162048K, reserved 1245184K
  class space    used 22609K, committed 23168K, reserved 1048576K
}
Event: 797.584 GC heap after
{Heap after GC invocations=59 (full 0):
 garbage-first heap   total 414720K, used 194004K [0x0000000080000000, 0x0000000100000000)
  region size 1024K, 9 young (9216K), 9 survivors (9216K)
 Metaspace       used 160899K, committed 162048K, reserved 1245184K
  class space    used 22609K, committed 23168K, reserved 1048576K
}

